Gen 0 | Best WFV Score: -1.4427 (Avg:2.57)
Gen 5 | Best WFV Score: 2.1099 (Avg:6.77)
Gen 10 | Best WFV Score: 4.2603 (Avg:9.81)
Gen 15 | Best WFV Score: 7.5445 (Avg:20.35)
Gen 20 | Best WFV Score: 9.2469 (Avg:11.89)
Gen 25 | Best WFV Score: 8.2450 (Avg:16.46)
Gen 30 | Best WFV Score: 5.7253 (Avg:14.36)
ðŸ›‘ Early Stopping Triggered (No Robust Improvement).

Top 5 OOS Performers:
  Gen 26 | Sortino: 4.87 | Ret: 1.48% | ID: Child_2811
  Gen 26 | Sortino: 4.87 | Ret: 1.48% | ID: Child_4383
  Gen 25 | Sortino: 4.81 | Ret: 0.99% | ID: Child_4176
  Gen 32 | Sortino: 4.22 | Ret: 1.30% | ID: Child_6191
  Gen 31 | Sortino: 4.22 | Ret: 1.30% | ID: Child_8990

ðŸ’¾ Saved Top 92 Profitable Strategies from All Generations to /home/tony/bankroll/output/strategies/apex_strategies_60.json
Gen 0 | Best WFV Score: -2.0000 (Avg:-1.00)
Gen 5 | Best WFV Score: 1.3158 (Avg:8.40)
Gen 10 | Best WFV Score: 6.9516 (Avg:13.13)
Gen 15 | Best WFV Score: 2.8393 (Avg:7.31)
Gen 20 | Best WFV Score: 2.4082 (Avg:21.17)
Gen 25 | Best WFV Score: 7.4729 (Avg:22.20)
Gen 30 | Best WFV Score: 7.7525 (Avg:16.88)
ðŸ›‘ Early Stopping Triggered (No Robust Improvement).

Top 5 OOS Performers:
  Gen 26 | Sortino: 9.53 | Ret: 4.72% | ID: Child_7576
  Gen 27 | Sortino: 9.53 | Ret: 4.72% | ID: Child_5912
  Gen 28 | Sortino: 9.53 | Ret: 4.72% | ID: Child_2776
  Gen 22 | Sortino: 8.65 | Ret: 3.47% | ID: Child_4353
  Gen 24 | Sortino: 5.97 | Ret: 2.61% | ID: Child_8705

ðŸ’¾ Saved Top 37 Profitable Strategies from All Generations to /home/tony/bankroll/output/strategies/apex_strategies_240.json

========================================================================================================================
ðŸ† APEX STRATEGY REPORT (ROBUSTNESS CHECK) ðŸ†
Account: $30,000 | Lots: 1-3 | Cost: 0.5 bps + Spread
Sorting by 'Robust Return' = mean(Val, Test, Full)
========================================================================================================================


--- Horizon: 60 Bars ---
  Performing Correlation Filter (Limit 5, Threshold 0.7)...
 Gen       Name Ret%(Val) Ret%(Test) Ret%(Full) Robust% Sortino(OOS)  Trades                                                                             Genes
  33 Child_8946      1.65       1.43       8.87    3.98         2.31      69                                    Delta(skew_1600, 20), Delta(skew_1600, 100)...
  28 Child_4118      0.62       0.47       4.71    1.93         1.43      52         (trend_strength_50 > 0.58) FOR 13 BARS, Delta(delta_de_curve_100, 200)...
  26 Child_2811      1.56       2.30       1.65    1.84         5.88      36                  (delta_fdi_400_100 > 0.08) FOR 15 BARS, Delta(skew_1600, 100)...
  30 Child_7451      1.29       1.02       1.88    1.40         3.24      58 (delta_fdi_400_100 > 0.08) FOR 15 BARS, (trend_strength_50 > 0.58) FOR 13 BARS...
  ðŸ’¾ Saved Top 5 Unique Strategies to: /home/tony/bankroll/output/strategies/apex_strategies_60_top5_unique.json

--- Horizon: 240 Bars ---
  Performing Correlation Filter (Limit 5, Threshold 0.7)...
 Gen       Name Ret%(Val) Ret%(Test) Ret%(Full) Robust% Sortino(OOS)  Trades                                                                  Genes
  32 Child_3651      3.14       0.38       5.83    3.12         0.63      60 (delta_hurst_400_100 > 0.12) FOR 14 BARS, (beta_dxy > 0.26) FOR 4 BARS
  ðŸ’¾ Saved Top 5 Unique Strategies to: /home/tony/bankroll/output/strategies/apex_strategies_240_top5_unique.json

========================================================================================================================
ðŸ§¬ GLOBAL DOMINANT GENES ðŸ§¬
 1. Delta(skew_1600, 100)                    (29)
 2. (delta_hurst_400_100 > 0.12) FOR 14 BARS (15)
 3. (delta_entropy_200_25 < -0.16) FOR 2 BARS (11)
 4. (delta_entropy_200_25 < -0.19) FOR 2 BARS (10)
 5. (delta_fdi_400_100 > 0.08) FOR 15 BARS   (9)
 6. Delta(delta_de_curve_100, 200)           (8)
 7. (beta_dxy > 0.26) FOR 2 BARS             (8)
 8. (delta_fdi_100_50 < -0.14) FOR 6 BARS    (6)
 9. (delta_entropy_200_25 < -0.16) FOR 5 BARS (5)
10. (beta_dxy > 0.26) FOR 4 BARS             (5)
11. (delta_velocity_50_100 > 0.37) FOR 2 BARS (4)
12. (trend_strength_50 > 0.58) FOR 12 BARS   (4)
13. (trend_strength_50 > 0.58) FOR 13 BARS   (3)
14. (delta_fdi_400_100 > 0.08) FOR 16 BARS   (2)
15. Rel(fdi_200, delta_beta_dxy_50)          (2)
16. (delta_yang_zhang_vol_800_100 < -0.01) FOR 3 BARS (2)
17. (beta_dxy > 0.26) FOR 3 BARS             (2)
18. (delta_fdi_1600_25 > 9310.72) FOR 10 BARS (1)
19. (volatility_1600 < -0.67) FOR 2 BARS     (1)
20. (delta_velocity_25_25 < -0.50) FOR 9 BARS (1)

================================================================================
ðŸ”’ MUTEX STRATEGY EXECUTION (Single Slot) ðŸ”’
================================================================================

Loading candidates from all horizons...
  Loaded 2 total candidates.

Running Global Correlation Filter (Threshold: 0.6)...
  Generating signal matrix...
  Selected 2 globally unique strategies.

Selected Portfolio (Ranked Priority):
  1. Child_8946 (H60) | Sortino: 2.31
  2. Child_3651 (H240) | Sortino: 0.63

Benchmarking Individual Strategies...

===============================================================================================
ðŸ† PERFORMANCE LEADERBOARD (Mutex vs. Components)
===============================================================================================
Name                           | Profit ($)   | Ret %    | MaxDD %  | Sortino  | Sharpe   | Trades
-----------------------------------------------------------------------------------------------
MUTEX PORTFOLIO                |     4,771.76 |    15.91 |    -4.44 |     6.54 |     4.20 |    117
Child_3651 (H240)              |     2,357.24 |     7.86 |    -3.27 |     4.70 |     2.86 |     60
Child_8946 (H60)               |     2,036.30 |     6.79 |    -5.52 |     4.16 |     2.56 |     69
-----------------------------------------------------------------------------------------------

ðŸ“¸ Saved Chart to /home/tony/bankroll/output/plots/mutex_performance.png
Running Full Simulation for Plotting (SL=0.5%, TimeLimit=120)

Strategy                       | Sortino  | Total Ret %  | Trades  
---------------------------------------------------------------------------
Child_8228                     | 10.41    | 14.86       % | 34      
Child_1260                     | 10.41    | 13.79       % | 38      
Child_5389                     | 10.41    | 13.44       % | 38      
Child_7248                     | 10.41    | 14.86       % | 34      
Child_2695                     | 10.41    | 14.86       % | 34      
Child_3192                     | 9.96     | 15.07       % | 34      
Child_1048                     | 9.96     | 13.65       % | 38      
Child_3673                     | 8.98     | 4.73        % | 138     
Child_7287                     | 8.98     | 4.73        % | 138     
Child_5435                     | 8.98     | 4.73        % | 138     
Child_1601                     | 8.98     | 0.21        % | 144     
Child_6182                     | 8.95     | 8.26        % | 36      
Child_2366                     | 8.89     | 11.93       % | 48      
Child_8082                     | 8.69     | 7.83        % | 44      
Child_7840                     | 8.68     | 11.16       % | 44      
Child_3657                     | 8.55     | 15.04       % | 52      
Child_4189                     | 8.53     | 7.37        % | 50      
Child_6313                     | 8.35     | 2.40        % | 70      
Child_1918                     | 7.90     | 1.40        % | 70      
Child_3789                     | 7.90     | 1.40        % | 70      
ðŸ“¸ Saved Performance Chart to /home/tony/bankroll/output/plots/strategy_performance.png
======================================================
ðŸŒ GENERATING TRADE ATLAS (Consolidated Analysis) ðŸŒ
======================================================

Loading Market Data...

Analyzing Horizon 60...
  ðŸ† Top 10 Strategies:
  1    Child_8946        3.98%
  2    Child_4118        1.93%
  3    Child_2811        1.84%
  4    Child_7451        1.40%

  ðŸ‘‘ Selected Champion: Child_8946
  Generating Signals (with Time Filters)...
  Simulating with TimeLimit=60, SL=0.5%...
  Found 38 valid trades. Generating plots...
  âœ… Saved 38 plots to /home/tony/bankroll/output/trade_atlas/horizon_60

Analyzing Horizon 240...
  ðŸ† Top 10 Strategies:
  1    Child_3651        3.12%

  ðŸ‘‘ Selected Champion: Child_3651
  Generating Signals (with Time Filters)...
  Simulating with TimeLimit=240, SL=0.5%...
  Found 29 valid trades. Generating plots...
  âœ… Saved 29 plots to /home/tony/bankroll/output/trade_atlas/horizon_240
Analyzing Genome DNA...
ðŸ“¸ Saved DNA Analysis to /home/tony/bankroll/output/plots/genome_dna_analysis.png

--- Top 20 Dominant Features (Ranked by Importance) ---
                          Feature  Importance        IC  Count
81         delta_velocity_3200_50    0.026381 -0.005851      3
22            delta_skew_1600_100    0.023673  0.011201    112
44              yang_zhang_vol_50    0.022012 -0.002808      2
30                       skew_100    0.017232  0.014336      1
6               delta_fdi_400_100    0.014819 -0.031140     16
39         delta_velocity_800_100    0.012969  0.019950      4
110             delta_fdi_800_100    0.012614 -0.019910      1
65               delta_fdi_200_25    0.012228 -0.024419      1
150        delta_volatility_50_50    0.011965 -0.005664      1
60        delta_volatility_400_50    0.011362 -0.014955      3
57   delta_yang_zhang_vol_800_100    0.010126  0.013594      2
25   delta_trend_strength_3200_50    0.009411 -0.007307      8
15          delta_velocity_50_100    0.009075 -0.018433      4
27                    velocity_50    0.008421 -0.016603      5
87                        fdi_800    0.008269 -0.013717     81
142         delta_entropy_100_100    0.007316  0.005835      3
171                     hurst_100    0.007095 -0.000778      1
161    delta_trend_strength_25_50    0.006869  0.008721      3
170      delta_flow_trend_100_100    0.006462 -0.006206      1
8         delta_volatility_200_50    0.005852  0.002647     10

ðŸ“œ Generating Prop Firm Strategy Reports...

Analyzing Champion for Horizon 60: Child_2811
âœ… Generated Prop Report: /home/tony/bankroll/output/strategies/REPORT_CHAMPION_60.md
Analyzing Champion for Horizon 240: Child_7576
âœ… Generated Prop Report: /home/tony/bankroll/output/strategies/REPORT_CHAMPION_240.md

Done.

ðŸŒ STARTING ALPHA FACTORY PIPELINE ðŸŒ


============================================================
ðŸš€ STEP: Evolutionary Strategy Discovery (Horizon: 60)
ðŸ“„ Command: evolutionary_loop.py --survivors /home/tony/bankroll/output/features/survivors_60.json --horizon 60 --pop_size 5000 --gens 60
============================================================


âœ… Evolutionary Strategy Discovery (Horizon: 60) Completed in 75.59s

============================================================
ðŸš€ STEP: Evolutionary Strategy Discovery (Horizon: 240)
ðŸ“„ Command: evolutionary_loop.py --survivors /home/tony/bankroll/output/features/survivors_240.json --horizon 240 --pop_size 5000 --gens 60
============================================================


âœ… Evolutionary Strategy Discovery (Horizon: 240) Completed in 74.49s

============================================================
ðŸš€ STEP: Strategy Selection & Reporting
ðŸ“„ Command: report_top_strategies.py
============================================================


âœ… Strategy Selection & Reporting Completed in 14.54s

============================================================
ðŸš€ STEP: Mutex Portfolio Backtest
ðŸ“„ Command: run_mutex_strategy.py
============================================================


âœ… Mutex Portfolio Backtest Completed in 3.22s

============================================================
ðŸš€ STEP: Strategy Account Performance Visualization
ðŸ“„ Command: visualize_strategy_performance.py
============================================================


âœ… Strategy Account Performance Visualization Completed in 7.35s

============================================================
ðŸš€ STEP: Consolidated Trade Atlas Generation
ðŸ“„ Command: generate_trade_atlas.py
============================================================


âœ… Consolidated Trade Atlas Generation Completed in 4.65s

============================================================
ðŸš€ STEP: Genome DNA Analysis
ðŸ“„ Command: analyze_genome_dna.py
============================================================


âœ… Genome DNA Analysis Completed in 0.46s

============================================================
ðŸš€ STEP: Prop Desk Strategy Analysis Reports
ðŸ“„ Command: generate_prop_report.py
============================================================


âœ… Prop Desk Strategy Analysis Reports Completed in 5.34s

ðŸŽ‰ PIPELINE COMPLETED SUCCESSFULLY ðŸŽ‰
Output Artifacts:
  - Data: /home/tony/bankroll/processed_data/clean_ticks
  - Features: /home/tony/bankroll/output/features/survivors_*.json
  - Strategies: /home/tony/bankroll/output/strategies/apex_strategies.json
  - Plots: /home/tony/bankroll/output/plots/top5_audit_chart.png
  - Report: Check stdout for 'APEX STRATEGY REPORT'
